:10400000314000391542200175F335D0085A3F4040
:104010001A000F930724824520012F839F4F586B6E
:104020000011F9233F404F010F93062482452001E0
:104030001F83CF431A11FA232183B012D849474F67
:104040003D400E003E40FF003F404C11B012246A3C
:10405000F2435712F2436712B240805A2001A24243
:10406000600182432E01A242800182431E01B240C0
:1040700020026001B24020018001F24084FF57001D
:10408000C2435800B2400040820139400C003A401F
:1040900000080B4336400004084A08DB0F48B01202
:1040A0006E470E430C4E6D430E3C1F4290013F5233
:1040B000824F9201B2F0FEFF820192B38201FD278E
:1040C0000C4E1E4270017D537D93EF230E8C069E95
:1040D00001280B480A113953DF230F4B3FF0E00052
:1040E0003F90E00002203BF0E0FF0F4BB0126E4724
:1040F0005F4257007FF007007FD080FFC24F57001C
:10410000E2425800F2F0FDFF000082437001B2402D
:104110000202600182439001B240020180011F420D
:1041200060013FF0CFFF3FD02000824F60011F426F
:1041300080013FF0CFFF3FD02000824F8001C2437B
:104140002600C2432E00C2431B00C2431F00C243CD
:104150003300C2433700C2432100F240E0FF220097
:10416000F24030002900F2407B002A00C2431900CF
:10417000F240F1FF1A00F240DDFF1D00F240FDFFAA
:104180001E00F2433100F2433200C2433500F243D5
:104190003600C2432500C2432D001E4270013F403D
:1041A00000281D4270010D8E0F9DFB2FE2D31A00D7
:1041B000F2D21A00F2D080FF1E00F2D010001E00D2
:1041C000F2D080FF1D00B012444603430343F2F0D7
:1041D000EFFF1D00B0124C465F43B0128C474F43B7
:1041E000B0128C475F43B0128C475F43B0128C47CC
:1041F0005F43B0128C474F43B0128C474F43B0120D
:104200008C475F43B0128C47B0124446B0123E4612
:10421000B0123846F2D010003200F2D02000320046
:10422000F2D040003200F2D010003100F2D0200075
:104230003100F2D040003100B01230664B4F4F9346
:10424000FB23F2436611B2433811C24F3A11B24315
:104250003C11C24F3E11B2434011C24F4211B24312
:104260004411C24F4611B0120445C24FFD111F4206
:1042700000111F53824F701182437211B0123046E9
:10428000B24000408601B24022123011F2F0EFFF3E
:104290002200B0128646F2F0FDFF1E00B012FC4470
:1042A000B24000408201F2438011C24BE211C24B86
:1042B000E311C24BE411C24BE511B0128646F2D0B5
:1042C00040001E00F2D020001E00B012E850824FC5
:1042D0008611B012FE47824CF211824DF411824ECB
:1042E000F611824FF811D24214116A11C24B6B11B0
:1042F000F2401F00E011F2401A00FB11B012FE471D
:10430000824CF211824DF411824EF611824FF81157
:104310003E40F2110D4E3D5007006F4EEE4D000035
:10432000CD4F00001E533D533E90F611F623D2436D
:104330005F11C2436312D2436C11C243F011B01239
:1043400030664B4F4F93FB234F47B012EC4932D2AC
:104350005F43B01210544F9B1920B012D84982937A
:1043600020110324B012EC49193C92432011B012E1
:10437000EC49B012D849F2D020001D00B012EC492F
:104380003E4014000F43B012C44E083C6F43B012BD
:10439000BE4A4F9303205F43B012BE4A6A42B01236
:1043A000D849494F7A3CC2930C116B241D426201DB
:1043B0003DF010000C201E4264013EF010000E9DE6
:1043C00006201F4266013FF010000F9E07241F4287
:1043D00060013FF000033F90000231245E42040080
:1043E0003EF0C00005245E4271003EF02000272010
:1043F0005E4205003EF0300005245E4279003EF04A
:1044000020001D205E4270001EF316245E427100E3
:104410003EF0200011245E4272003EF020000C2489
:104420005E4270002EF208245E4270003EF02000D2
:1044300006207E500500043C7E400500013C6E4392
:10444000B2B01000A00118241D42A2013DF01000DE
:1044500005241E42A2013EF212240D3C1F42A2017D
:104460003FF000040F9D08241F4260013FF000034D
:104470003F90000201206E434A9E012C6E42C24EC4
:104480001C115E421C110E5E1E4ED8683ED2814E3B
:10449000000022D132C203430343B012C6464B4F41
:1044A0007F9381274F49B012EC494F4BB012445FC4
:1044B000763F32D0F000FD3F3040566B5F930E24C4
:1044C0004F9303246F931920113C1E4262018E10FA
:1044D0005EF34E9F12241F42720130411F4264015D
:1044E0008F105FF30A241F42740130411F4266019E
:1044F0008F105FF302241F4276013041B2F0EFFFCC
:10450000820130410B120A12091208120712061218
:1045100005120412184270111942721134404E8370
:104520000543B0128A6A0A4C0B4D0C4E0D4F0E4AD1
:104530000F4B12C30F100E100E5C0F6D0F9305344E
:104540003EF33FF0FF7F1E530F63824E7011824F88
:1045500072110F4E344135413641374138413941AE
:104560003A413B413041C293101108205F43F29021
:104570000300241104245F42101130414F433041A5
:104580004F930324D24370003041F2F0FEFF7000DD
:1045900030415E4F01008E106F4F0FDE30410B1225
:1045A0000A120A4D0B4ECF4D03000C4D0D4E8C10D0
:1045B0008D104CED0CED7DF3CF4C0200CF4E010081
:1045C0008E10CF4E00000E4A0F4B3A413B41304116
:1045D0000B120A120912094F5C4F03000D436F4979
:1045E0000E4D3FF0FF008F100EDC0FDD5D49010026
:1045F0000C430EDC0FDD5A4902000B4C4BEA0BEA70
:104600008B107AF38A100EDA0FDB39413A413B41C5
:1046100030415E421C006EF35F4301204F4E30413B
:10462000B2F0FDFF84013041B2F0FEFF8401304161
:10463000B2F0EFFF86013041E2D319003041F2D2EF
:1046400019003041F2D010001D003041F2F0F7FFA8
:1046500019003041C24F77005F4202003FF0400036
:10466000FB27F2F0BFFF02005F4276003041F2F01C
:10467000EFFF23003041F2F0FEFF23003041B2F0A3
:10468000EFFF84013041E2D21E0030411E42700132
:104690003F9001800A283F5000801D4270010D8E1E
:1046A0000F9DFB2F0E5F3F4000801D4270010D8E5D
:1046B0000F9DFB2F3041F2F0EFFF2A003041F2D086
:1046C00010002A0030415F4257127F930D244D4F56
:1046D0000E4D3E504C116C4EC24C57127C93022032
:1046E000C24C6712FD434C1130411F429001013C06
:1046F0000F4E1E4290010F9EFB2330410B124B4F79
:10470000B0127E46E2D31F00B0122846B0122046F7
:104710004F4B4F5F4F5F4F5F4F5F4F5F4F5F4F118B
:104720004F114F114F114F114F114F4F8F100F5FFE
:104730000F5F0F5F0F5F0F5F0F5F3E4084013FD041
:1047400000018E4F0000BED0100000004F433B41DF
:1047500030415F43B012FC463041CF432D000D4342
:104760003E4000803F502E00B0129E4530410E4F1B
:104770008E108E117EF007005D4257007DF0F8FF2D
:104780004EDDC24E5700C24F560030414F930324B6
:10479000B0123846033CF2F0FDFF1900B0123E465D
:1047A000B0124C4630410B120B4F1F53B0129245C2
:1047B0000E4F8E103EF0FF0012C30E100E110D4E64
:1047C0003DF003000D5D1F4DE4680E110E110E113A
:1047D0000E110E5E1E4EE4680E5F3E5006000F4B3B
:1047E0000F5E3B413041F24080FF4A11C2436811E5
:1047F000C2435A12C2435612C243601130410B12D7
:104800000A120912081207123150F2FFC293261140
:104810008320B012B646F2F0EFFF2900B012BE4678
:104820003F403002B0128C46B012B6463F403C00CA
:10483000B0128C460B43F2B01000280009243B5004
:1048400005003F400500B0128C463B90F000F3237A
:104850003F40A401B0128C463B90F0005F2C7A429E
:104860007B4033001BB30B24B012BE463F40050013
:10487000B0128C46B012B6463F4041000A3CB0121E
:10488000BE463F403C00B0128C46B012B6463F4098
:104890000500B0128C467A53032412C34B10E23F3A
:1048A0003B40E8110A4B7842494312C34910B01209
:1048B000BE463F400500B0128C46B012B6463F409F
:1048C0000500B0128C46574228003F404100B0120C
:1048D0008C4677B01000022479D080FF7853E5230E
:1048E000CA4900001A533A90F011DD234F486FEB8C
:1048F0007E420D4F1DF312C34F100D9302247FE033
:104900008CFF7E53F6231B533B90F011F0234F9303
:104910000720D2432611063C4F43043C6F42023C21
:104920007F400600C29326110A240E430D410D5EFE
:10493000DD4EE91100001E533E900600F7234F9311
:1049400008243D420E430F413F500600B012246A36
:10495000163CC14F0600F14012000700F1406D0007
:104960000800F14045000900F14050000A00D14123
:1049700002000B00D14101000C00E1410D001C417F
:1049800006001D4108001E410A001F410C00315065
:104990000E003741384139413A413B4130414F9354
:1049A00005203E90AA110220C24F1A1130415F43E8
:1049B000B0128045F2F0BFFF04003F401B00FFF043
:1049C000FDFF0000FFF0FBFF0000FFF0F7FF00001D
:1049D0004F43B012804530410E4232C2034303437D
:1049E0003EF25F430E9301204F4E30414F9301241E
:1049F00032D230410B12B012D8491E427A110E93B6
:104A000003241E5258126E4EC24E77005E42581258
:104A10006E531D425C124C4E0D9C1A2C4E4D183C90
:104A20005E4202003EF04000FB275B4276001E42E1
:104A3000DE110E9303240D5ECD4B00001D427A1152
:104A40000D9303241D5258126D4DC24D7700013C49
:104A50004C4E1D4258120E4D1E53824E58120E9C43
:104A6000DF2BB012EC493B4130410B12B012D84958
:104A70005B43C293E21101244B43B012EC494F4B0C
:104A80003B4130410B120A124A4FB012D8494B4FEA
:104A9000B0126A4A4F9305244F4BB012EC494F4372
:104AA000063C4F4BB012EC494F4AB01254463A41C3
:104AB0003B4130417F400900B012844A30410B1223
:104AC0000A124A4FB012D8495B43C29AE31101243B
:104AD0004B43B012EC494F4B3A413B4130410B1232
:104AE000B012D8491B428611B012EC490F4B3B4122
:104AF0003041B012D849F2F0FBFF1D00B012EC4972
:104B000030410B124B4FB012D8494E4BFE934C1113
:104B10001120C29B67120E24F29357120320C24B3E
:104B20005712043C5E426712CE4B4C11C24B6712C7
:104B30004B43023C7B400500B012EC494F4B3B41DC
:104B40003041C29322113920F2930D113620B01258
:104B50006A4A4F933224D243FC11C2934B11022470
:104B6000C243FC11C293FC112A24F29003002411C9
:104B70002920C293101128205F420E117F93162422
:104B80004E4F5D4E8011C24D0E117D930220C24DDD
:104B90000F11FE438011C24FFA11F2431011D2439C
:104BA00024117F400700B012024B043CD243101185
:104BB000C2432411B012AE49053C5F4330417F40EF
:104BC000050030414F4330414F433041D2931011E3
:104BD00013205F4224115F9305207F500600B0121E
:104BE000024B083C6F930A20D242FA111011F24096
:104BF000030024114F4330415F4330415F421011A5
:104C00003041C2438811824F7A11824EDE11824DAB
:104C10005C12824358120D930D24B012D849F2F061
:104C2000BFFF0200F2D040000000B012EC49B01209
:104C3000F449043C7F400600B012024B4F43304120
:104C40000B120A1209120A4F494EB012D8494B4FA3
:104C5000B0126A4A4F9305244F4BB012EC494B43B4
:104C6000103C4F4BB012EC49B2407F008A117F409C
:104C70007F00B01254464B4F4D490E4A0F43B012BD
:104C8000024C4F4B39413A413B413041B012F24A5C
:104C90005E431F423011B012404C30410B124B4F5B
:104CA000B012D849C24B1E11B012EC496F43B0127A
:104CB000024B3B4130410B124B4F92432811C243F0
:104CC0004B11B012424B4F4BB0129C4C3B41304108
:104CD0000B124B4FB012D8494E4BCE43E211B012DB
:104CE000EC493B413041B012D849E2D21D00B0122C
:104CF000EC4930410B120A12091208120712494FEF
:104D0000B012D849474FC2990D110424B012EC4992
:104D10005F43383CF2430D11594222114993032459
:104D20004C4348490A3C4F49B012D04CB012424B58
:104D30004F47B012EC494F49253C7A400500B0126C
:104D4000966A4C4E0F4C0D480F9303240D111F8390
:104D5000FD231DF31424C24E0D111E430C93032496
:104D60000E5E1C83FD2349CEC24922117F400500FF
:104D7000B012024B4F47B012EC494F43033C4C4E2C
:104D80005C53DB3F3741384139413A413B41304187
:104D90006F42B012F44C30417F400300B012F44C2B
:104DA0004F4330410B120A120912B012D849494F31
:104DB0001B429411B012EA460A4F1F4280015FF372
:104DC00004241B53B012EA460A4F4F49B012EC4973
:104DD0000F4B0E430C4A0D4E0EDC0FDD39413A41AC
:104DE0003B4130410B120A120912B012A44D094E78
:104DF0000A4F1B4282111C4284110D4B0E4C1D5256
:104E00007C111E627E110A9C0B280A9C0220099BC1
:104E100007280E9C11280E9C09200D9B0D28063C8E
:104E20000E9C04280C9E27280D9B252C0A9E0428E6
:104E30000E9A2128099D1F2C0B4D0C4E0B890C7AC4
:104E40000C9303203B90018018280E490F4A3E50D6
:104E500000800F63824E8211824F84110E4B0F4CE3
:104E60003E5000803F63824E7C11824F7E113B405A
:104E700000800C430A3C0B430C43824D8211824E4E
:104E8000841182437C1182437E11B012EA460E4F98
:104E90000E890E9B042C0B8E3B900300062CB01247
:104EA000EA462F53824F9201033C0B5F824B9201E3
:104EB000B2F0FEFF8201B2D01000820139413A41C6
:104EC0003B4130410B120A120912081221830A4E8B
:104ED0000B4FB012A44D084E094FB012D84982486A
:104EE000821182498411824A7C11824B7E11814F4A
:104EF0000000B012E44D2F41B012EC49215338416B
:104F000039413A413B4130410B120A120912B012A9
:104F1000D849494FB01204450C4F3A404600B012F0
:104F2000B26A3E500B00824E64120F43B012C44E60
:104F30004F49B012EC4939413A413B4130410B12E3
:104F40000A12B012D8494A4FB29228111020B0125A
:104F5000B44AB012984DB012E64C924328117F40EB
:104F60000300B0129C4C4F4AB012EC492F3CB012D7
:104F7000F24AC293681203247F400500013C6F424D
:104F8000B012844A4B4F3BF206204F4BB012844A7A
:104F90003FF20F9B04205B433F400300023C3F4035
:104FA0000500824F2811B012E64C4F4AB012EC496E
:104FB0004B930724C2433611B012984DB012084FDC
:104FC000053C3E4040010F43B012C44E3A413B41C4
:104FD00030410B120A120912494F0A4EB012D84939
:104FE0004B4FB0126A4A4F9305244F4BB012EC4915
:104FF0004F430D3C4F4BB012EC494F49B012544651
:105000000F4A8F10B01254464F4AB01254463941DD
:105010003A413B4130410B120A12091208120712A1
:10502000094F4B4E074D484CB012D8494A4FB01269
:105030006A4A4F9305244F4AB012EC494F43223C31
:105040004F4AB012EC494B4B0B594F4B7FD080FF6E
:10505000B0125446494F0E4B12C30E104F4E7FF004
:10506000C0FFB01254464B484A48093C4E4B0F4AC9
:105070000F8E0E4F0E576F4EB01254467B534B930C
:10508000F5234F493741384139413A413B4130419D
:105090000B123150F4FFB012D8494B4F3D423E4005
:1050A000F2110F41B01220691F426A110E413E52A7
:1050B000CE4F00008F10CE4F01001F4286112E539D
:1050C000CE4F00008F10CE4F01004F4BB012EC4975
:1050D0007C400C000D414E433F406001B012165021
:1050E00031500C003B4130410B12B012D8491B42E9
:1050F0001211B012EC490F4B3B4130410B124B4F98
:10510000B012D849C24BE311B012EC493B413041D7
:105110000B120A1209120812B012D849484F1A424B
:1051200076111B427811B012EA46094F1F428001E6
:105130005FF305241A530B63B012EA46094F4F4838
:10514000B012EC490F4912C30F100F110F110F11BC
:105150000C4F12C30C100D430E4A0F4B4FEE0FEEC7
:105160008F107EF38E100E5E0F6F0E5E0F6F0E5E51
:105170000F6F0EDC0FDD384139413A413B41304180
:105180000B120A120912B0121051094E0A4F1B429B
:1051900032111C4234110D4B0E4C1D5262111E6215
:1051A00064110A9C0B280A9C0220099B07280E9C6C
:1051B00011280E9C09200D9B0D28063C0E9C0428EE
:1051C0000C9E27280D9B252C0A9E04280E9A212828
:1051D000099D1F2C0B4D0C4E0B890C7A0C93032050
:1051E0003B90010418280E490F4A3E5000040F63FB
:1051F000824E3211824F34110E4B0F4C3E5000FC48
:105200003F63824E6211824F64113B4000040C43A5
:105210000A3C0B430C43824D3211824E34118243BF
:105220006211824364110B5B0B5B0B5B0B5B0B5BD3
:10523000B012EA46095909590959095909590E4F35
:105240000E890E9B042C0B8E3B900300062CB01293
:10525000EA462F53824F9601033C0B5F824B960127
:10526000B2F0FEFF8601B2D01000860139413A410A
:105270003B413041B012D849F2F0BFFF1D00B012DF
:10528000EC493041B012D849F2D040001D00B012B4
:10529000EC4930410B120A1209121B426E115A4B93
:1052A0002A004A9302207A501F00B012F24AC29A92
:1052B0005E1107244E4A3ED0E0807F401500B012B8
:1052C000D24FC24A5E11694BB012D8494A4FB01250
:1052D0006A4A4F9304244F4AB012EC49113C4F4A9A
:1052E000B012EC49B2403E008A117F403E00B0123D
:1052F00054464D497D534D4D0E430F4BB012024C59
:1053000039413A413B4130410B12B012D8495B421E
:10531000FB11B012EC490E4B0E5E0E5B0E5B0E5B8A
:105320003E502E013ED000407F401800B012D24FB8
:105330003B4130410B12B012D8494B4FC2935F1121
:1053400004241E43C293631201200E433EF0FF006B
:105350008E100E5E0E5E0E5EC2936C1104241D4311
:10536000C293F01101200D433ED0E2220D5D0D5D90
:105370000D5D0D5D0EDD7F401100B012D24F4F4B21
:10538000B012EC493B4130410B120A124B4F4F9384
:105390003C20B012D8494A4F5F43B0128045F2F02A
:1053A000DAFF70005F43B0128045F2F03F00040066
:1053B000F2F0EFFF1B00F2F0DFFF1B005F42041171
:1053C0007FD00500C24F7000D242051171001F420C
:1053D0000211C24F74008F10C24F7500C24B730090
:1053E000E2D31B00E2D21B00F2D21B00F2D040003D
:1053F00004004F4BB0128045F2F03F000200F2F083
:105400003F0000004F4AB012EC493A413B41304165
:105410000B124B4FB012D8494E4B3E50E211CE9377
:1054200000000420DE4300004B43013C5B43B0120C
:10543000EC494F4B3B4130410B120A1209124B4FC2
:10544000B012D849494F4F43B01210544A4F4F93AE
:105450002B20C24B0D11B01266454F9A05247F4098
:105460000500B012024B293CC29F24110720D243F1
:105470002411C24FFA11B012CC4B1F3CC29FFA113B
:105480001C24F29380111920C29F0F111624F2934D
:105490000E110320C24F0E11043C5D420F11CD4F7F
:1054A0008011C2430F11093C1E434D4B0D93032441
:1054B0000E5E1D83FD23C2DE22114F49B012EC495E
:1054C0004F4339413A413B4130410B120A12091214
:1054D0000812484FB012D849494F4F43B0121054E8
:1054E0004A4F4F9306244F49B012EC497F400500C4
:1054F000253CB01266454B4F4F9A0424C2480D110B
:105500004B4A183CC29F24111120E2432411C24F80
:10551000FA11B012CC4BC29B101106204F4BB012A7
:105520008853C2480D11063CC24B24114F43B012A0
:10553000D04C5B434F49B012EC494F4B3841394195
:105540003A413B413041A2435A11D2436811E292A1
:105550000D1105246F42B012CA544F930320B012AC
:105560008C4C30416F42B012385430410B12B012A3
:10557000D8494B4F82935A111924C24368115E4295
:1055800060114E930324F2B2200006205F422000F7
:105590005FF308204E9F03247E53C24E6011B01269
:1055A0004655063C92435A11C2436011B012904DC9
:1055B0004F4BB012EC493B413041B012E647B012BC
:1055C000E64CB012F24A7F42B012844A7F42B012D7
:1055D000844AB012E64CB012904DB0126C55304176
:1055E0000B120A12091208121A42DE115C428811CB
:1055F0004C9302243040A0581E428A11094E39F0C3
:105600004000022030403C587EF0BFFF7E903F00BB
:1056100002243040A0581B4230116D4BC24D5C112A
:105620001F425A113F9005003E243F9006008024FF
:105630002F93022430402E58B24005005A115F4289
:105640004A114C4D4E4F0C9E2A345E4220007EF291
:105650000A205C4220005CF34C9E05204E4D7EE308
:105660004E5FC24E4A117D902A00192C4D93102492
:105670000E4B1E537D9203283D400700043CB24070
:1056800006005A114D4D0F43B012024C3040A05845
:10569000C24D6811B012E64CB012904DC53CB0122C
:1056A000BA553040A058B24006005A11C2936C114E
:1056B0003724C293F0113420094B19530F49B0120B
:1056C00092453FF020002C240A4B3A5006000F4A26
:1056D000B0129245084FB012DE4A089F05240F4AC7
:1056E000B01292453F931C200F49B01292453FF0F3
:1056F00007001F931520B012E64CB012F24A7F400B
:105700000A00B012844AB012E64CB012F24A5E426D
:105710005C117E50F9FF0F4B3F52B012404CC03C21
:105720005D425C117D50F9FF4D4D0E4B3E52AB3F3B
:10573000B012E64CC29360110220B012904DC29399
:1057400060110324F2B220000B20D2B32000082401
:105750005F4256124F930424F2900B005C11052C0B
:105760001F423011B0125A47253C5F930E205F4212
:105770005A120F5F0F5F1D4F02121E4F04121F427D
:1057800030113F502E00B0129E455F425A121F53F7
:105790007FF00700C24F5A125F4256127F53C24F2A
:1057A000561208241F423011B0125A47C2435A12EF
:1057B000C24356125F425C110F5BCF93000034343A
:1057C0000A9332240F4B1F53B01292457FF007000B
:1057D0001B4230116F9322201F426E110F9324241D
:1057E000B290070028112020DF9B030003001C203B
:1057F000B012FC441F426E113F5028006E4BDF4335
:1058000004000E5BDF4EFFFF00006E4E7EF07F0057
:10581000CF4E01004F43B012B64C063C5F930420BC
:105820007F42B012024B3C3CB0126C55393CC24C2A
:105830006811B012E64CB012904D323C7E903E00A2
:105840002F20B012E64CB29228110F20B012F24A6B
:10585000B012B44AB012E64CB012984D92432811DF
:105860007F400300B0129C4C1B3CC2936812052081
:10587000A2422811B0123E4F133CB012984DB240D4
:1058800003002811B01204450C4F3A403601B01203
:10589000B26A3E500B00824E48110F49B012C44EFE
:1058A000384139413A413B4130410B127F400300BE
:1058B000B012CA544B4F4F9304247F400300B012E0
:1058C00038544F4B3B4130410B120A120912081257
:1058D00007127F9202283040BE5B4F4F0F5F104F80
:1058E000E258F258A059425B725B825B925BA25B0A
:1058F000B25B1F4282018F105FF304241F429201AA
:105900003040BE5BB012FC4482937C1145208293F0
:105910007E1142201F4228113F50FDFF3F9006009C
:105920002B2C0F5F104F285934595259645978590C
:1059300060595259F2B0100020000824A2422811E8
:105940003E4007000F43B012C44E163CB012084F41
:10595000133CB012AA584F930F20B0123E4F0C3C8C
:105960004F43083CB012B44AB0125247B012984D9F
:105970007F400700B012B64C9293201102243040B1
:10598000BE5BA2432011B0127452B01284524F4336
:10599000B01238543040BE5BB012E44D3040BE5BB4
:1059A0001F4284018F105FF302203040BE5B18421B
:1059B0009401B0122846B0122046B012A44D0A4EEF
:1059C0000B4F0D4E0D880E430A8D0B7E1F42281182
:1059D0003F90050004243F90060068204C3CB240F4
:1059E00006002811D2436711C2432A116F43B01237
:1059F000FC460D4A0E4B1F426E113F502E00B01256
:105A00009E451F426E11CF932D002324674F775080
:105A1000FBFF4947095F0F49B012D0450D4E0E4FAD
:105A20000D8A0E7B0F49B0129E45B012F24A6C42AD
:105A30000D494E470F43B0121650B012E64C0F49B5
:105A4000B012D0450D4E0E4F0D5A0E6B0F49B012CD
:105A50009E451F426E111F53B01292453FF0200029
:105A60000224D2434B11B012984DB012FC44B01234
:105A700012464F93A420C2436711B01252471F42EF
:105A80006E111F53B01292453FF020000924B2401E
:105A9000070028113E4000010F43B012C44E023CE3
:105AA000B012B64CB01212464F938924C2932A11F9
:105AB0002620C29367112520D24367116F43B0128D
:105AC000FC46B0121246494F5F4256127F920E2C8E
:105AD0004E4F5E525A123EF007000E5E0E5E8E4A28
:105AE00002128E4B04125F53C24F5612D2432A1138
:105AF00082488C11B01212464F930524603C4943F2
:105B0000023C59422A11D29367115920C2436711AE
:105B1000B0125247C2432A114993512018828C1166
:105B200038900A004C2C5F4256124F9303247F5347
:105B3000C24F56121F426E110F934124B0125A47A2
:105B40003E3C1F4286018F105FF303241F429601E3
:105B5000363CB01230468293621108208293641161
:105B600005207F400900B012024B293CB012805141
:105B7000263C1F4288018F105FF321241F429801A9
:105B80001E3C1F428A018F105FF319241F429A01A5
:105B9000163C1F428C018F105FF311241F429C01A1
:105BA0000E3C1F428E018F105FF309241F429E019D
:105BB000063C9253761182637811925394113741C7
:105BC000384139413A413B4130410B120A12091226
:105BD00008120B4FB012D8494A4F0F4BB012A647CC
:105BE000FF403F0000004F4AB012EC498243601270
:105BF0006F43B01210544A4F4F936A205F42FD1119
:105C00004E4F5E53C24EFD11CB4F0300B012D84928
:105C1000484F6F43B012BE4A4F9A08204F48B01207
:105C2000EC496F43B012D04C5A43543C094B3950A5
:105C300028006F42B012FC50824B90114F48B012B6
:105C4000EC49084B18530F48B01292450E4F3EF0E6
:105C500020CCCB4E01008E10CB4E02000F48B0126C
:105C600092453FD04100CB4F01008F10CB4F020037
:105C7000C94A0400C94A0000C94A01000D433E4018
:105C800000800F4B3F502E00B0129E45D243E611CC
:105C90001B429011B012D8491E4228113E92022494
:105CA0001E930324B012EC49153CA2432811C24EA6
:105CB0006812824B6E11C24A3611B012EC49B01212
:105CC000AA584B4F4F930620B01294524A4B023CB5
:105CD0007A4005004F4A384139413A413B41304111
:105CE0000B120A1209120B4D4A4C7C901D00512CCC
:105CF000CD4F0B000F4D3F500600CF4E00008E10D1
:105D0000CF4E0100B012D84919426A11B012EC49C5
:105D10000F4B2F52CF4900008910CF490100B0121C
:105D2000E8500E4B3E52CE4F00008F10CE4F010078
:105D30000F4B1F53B01292453FD04088CB4F01000C
:105D40008F10CB4F02004F4A7F500D00CB4F000009
:105D5000C29315110824C24315110F4BB012CA5B30
:105D60004F9310201A3CC24A8E11D24215118F1146
:105D7000824B2E117F400B00B012024BC2931511C3
:105D80000A24033CF2431511083CC24374114F43EB
:105D9000043C6F43023C7F40090039413A413B419A
:105DA00030410B120A1209124A4F094E4C4F0C5C3B
:105DB0003C5092118C430000C24318111B429211B7
:105DC0002B9C04245F425E121FF30224D24318115D
:105DD000C293181114200F4B3F500600B012924589
:105DE0006C4B7C50F3FF0D4B0E4F5F4B0B00B01212
:105DF000E05C4F9304247F400D00B012024B0E492B
:105E00004F4AB0129E4939413A413B413041C29319
:105E1000181108201E4292110E9F04205F42181193
:105E2000B012A25D30410B12E2B39E110F240C4E52
:105E30000D4F1C8296111D7298111D929C110628FF
:105E4000829D9C1115281C929A11122CE2B3A81164
:105E500069241E82A0111F72A2111F92A61162282E
:105E60001F92A61103201E92A4115C281B43013C23
:105E70000B430F4B0F5F0F5F0F5B0F5F0E4F3E50DB
:105E80009611DEB308000424FFF0FDFF9E11063CCE
:105E90009E5E040000009E6E060002005B9342209E
:105EA000C2931A113F201F420611C24FB7118F1023
:105EB000C24FB6111E4208113F40BA11CF4E010029
:105EC0008E10C24EBA111E420A11CF4E03008E1020
:105ED000C24EBC113F50F6FFF243B011FF43010028
:105EE000F2400A00B511829392111C20B240AA110F
:105EF0009211F2401500AA11C29318111924B01280
:105F00009245D2421A1118117C423D40AA110E4FFF
:105F10007F400A00B012E05C4F930A24C24B181174
:105F2000824392117F400A00B012024B3B41304144
:105F3000B012D849F2E010003100B012EC49D2435F
:105F40001A11F03F0B120A120912081207123150EF
:105F5000F6FF7F900E000228304020664F4F0F5F03
:105F6000104F645F805F2E603860E26010611A61DC
:105F70008E629E62CA628E64EA64A865DA65106603
:105F8000B012D8494B4FB012524792432811C24326
:105F90002A11C2434B11C2435E114F4BB012EC4960
:105FA000B012D849814F0800B012E64792435A1107
:105FB000C2436811F2F0FEFF2500B0127646D2D33C
:105FC0002400D2D325001F410800B012EC49B012C2
:105FD000D8494B4FA292201105207F400300B012F8
:105FE000844A4F4BB012EC49B012D8494B4FB01213
:105FF000E64C4F43B012F44C4F4BB012EC496F4398
:10600000B012FC50B0121051824EA011824FA2115A
:10601000B240E803A4118243A6115F42A8117FF0A9
:10602000FEFF6FD3C24FA8117F400A00DA3C4F43F6
:10603000B012FC5030402066B012D849B012EC4982
:106040007F400300B012BE4A4F933924B012D849A2
:106050004B4F82432811B012FC44B0127E46F2F03E
:10606000FDFF1F007F400300B012F44CB012E64C5D
:106070004F4BB012EC49B012D84982435A11814FAC
:106080000800B012E647B012E64CF2F0FEFF250021
:10609000B01276461F410800B012EC49824320112D
:1060A000B0127452B012D849F2F0DFFF1D00B012E6
:1060B000EC49B01284525F43B012024B033C6F4371
:1060C000B012FC501B4290116F43B012D04C82931F
:1060D0006012022430402066F24315110F4B30400D
:1060E000CE65B012D8494B4FC29366120D20D243F1
:1060F0006612A292201104205F43B0123854033C70
:106100006F42B012024B4F4BB012EC493040206648
:10611000B012D849C2436612F73FB012D8495B4269
:106120000D11B012EC497B9005000228304020662A
:106130004F4B0F5F104F38614261AE61EA612E62D2
:106140008662B012F24AB012D8494B4FA293201186
:10615000DB23B240030020113E4018007F401D00A9
:10616000B012D24FF2F0EFFF2500B0126E46F2F0FF
:10617000EFFF2400F2D0100025005F43B012844AE4
:106180003E407F027F401C00B012D24FB012085335
:10619000B01234533E40562A7F401700B012D24FFF
:1061A0003E40FF807F401500B012D24FAC3FB0128E
:1061B000F24A7F400600B012844AB0120853B0126F
:1061C0003453B0129050B012E64CB012F24A7F40F5
:1061D0000300B012844AB012E64C5F43B012F44C94
:1061E0006F42B012024B30402066B012F24AB01239
:1061F000D8494A4FB0126A4A4B4F4F9304244F4A32
:10620000B012EC490D3C4F4AB012EC497F405300AC
:10621000B01254464F4BB01254464F4BB012544636
:10622000B012E64C6F43B012F44C30402066B0120E
:10623000D8495B422811B012EC496B9208247B923A
:106240000A246B931C20B012945230402066B01286
:106250003E4F30402066B012F24AB012B44AB0123B
:10626000E64CB012984DB012D84992432811B012A2
:10627000EC497F400300B0129C4C30402066B012C5
:10628000984D30402066B0128C4C30402066B012E1
:10629000D849814F0800B012E0553040A065B012D7
:1062A000D849D242FA111011F24003002411B01261
:1062B000EC495F421011B0128853C29310110224AE
:1062C000304020667F4005008C3F1D4230110E4D4E
:1062D0003E5028006A4D4F4A0F5D6D4F4D5D4D4356
:1062E0004D6DCE4D03006D4F7DF07F00CE4D010012
:1062F000DE4FFFFF00001B4230110F4B1F53B01247
:106300009245084FB012D84957425F11B012EC497C
:10631000479333240E488E103EF0FF0012C30E1038
:106320000E113EF003002E9310203B5006000F4B41
:10633000B0129245084FB012DE4A089F1E240F4B40
:10634000B01292453F939A20183C3E90030096204D
:106350009142F21100009142F41102009142F611B3
:1063600004009142F81106003D420E410F4B3F5090
:106370000600B012EC680F9381207A900D007E2801
:106380001A4230110F4A1F53B01292450E4F8E1011
:106390003EF0FF0012C30E100E110F4E3FF003002F
:1063A0000E110E110E110E113E90030002242D430A
:1063B000013C3D423F90030002242E43013C3E42FB
:1063C0003E5006000E5A08430F480C4E0C5F6C4CB2
:1063D000085C1F530F9DF93B574A0300F2436212BA
:1063E000B012D8495C4262123E4038110D43289EDB
:1063F0000920CE9702000520C24C6212B012EC496F
:106400003B3C4C4D1D532E522D92F123C24C621237
:10641000B012EC495B426212B012D8497B9303245C
:10642000C29B2C1104205B422C115D43013C4D4367
:106430004E4B0E5E0E5E8E483811CE473A114D938C
:1064400007245E422C115E537EF00300C24E2C11D5
:10645000B012EC49B012D849484F0F4AB012A647C3
:106460006B4F4F48B012EC49CA932B0005247B9028
:106470003F000220B012E850824A3011B012D849D1
:10648000C2436811B012EC49B0126C55C93CC293BA
:106490005D1128201A42FE111B420012B012D84989
:1064A00018426211194264111852321119623411E2
:1064B000B012EC49824AFE11824B0012C2435D11B8
:1064C000B012D8498248321182493411824A62118D
:1064D000824B6411814F0800B01280511F410800A7
:1064E000B012EC49B0121051443CB0121051084E99
:1064F000094FB012304657429E1167F313240E48DD
:106500000F491E8296111F7298111A429A111B424E
:106510009C110A8E0B7F3A9309203B90FF7F062047
:106520004743053C3A433B40FF7F013C5743E2B3BE
:10653000A81115240C480D491C82A0111D72A2112E
:106540001E42A4111F42A6110E8C0F7D0F9B043812
:106550000F9B05200E9A032C0A4E0B4F023C4793CB
:106560005F241B9309340B9302200A9305200E48E5
:106570000F49B012265E543C824AFE11824B001233
:10658000D2435D11B012D849824832118249341188
:10659000824A6211824B6411814F0800B01280510F
:1065A0001F410800304008615B4274115B92151175
:1065B0003724C24B15114B930D201F422E11B012E0
:1065C000CA5B4F9B2D24F24315111F422E11B012AE
:1065D0000E5E263CF2431511233CC2935E1220242A
:1065E0003A4092114B4358435F425E124E484EFF71
:1065F00009242E4A8A4300004FC8C24F5E124F4BF7
:10660000B0129E495B532A537B920A244858EC3FB0
:106610005F4218114E4F0E5E1E4E9211B012A25DD7
:1066200031500A003741384139413A413B4130410C
:10663000B012C6467F930424B012445F5F433041DA
:106640004F4330410F120E120D120C124F43B01275
:10665000BC443C413D413E413F41B1C0F0000000DF
:1066600000130F120E120D120C121F422E0112C334
:106670004F10B012BC443C413D413E413F41B1C08E
:10668000F000000000130F120E120D120C124F43F7
:10669000B012C8583C413D413E413F41B1C0F000BD
:1066A000000000130F120E120D120C121F421E01D9
:1066B00012C34F10B012C8583C413D413E413F41CA
:1066C000B1C0F000000000130F120E120D120C12D8
:1066D0000B1221835F4225005FF223004F4F814F51
:1066E00000002F411FF30D24B012764692935A11E9
:1066F0000520A2435A11B0124655523CD2536011A4
:106700004F3C2E412EF30E9F0424F2F0FDFF230098
:10671000473C2F412FF20F9E0424F2F0FBFF230091
:106720003F3C2B413BF20B9F0424F2F0F7FF230088
:10673000373C2F413FF010000F9B1824B0126E46DB
:10674000A2422011F2F0EFFF2500B0126E460E4B70
:106750007F401D00B012D24FB0129050B012E64CE4
:10676000B012F24A4F4BB012024B1A3C2E413EF08F
:1067700020000E9F0424F2F0DFFF2300113C2F4184
:106780003FF040000F9E0424F2F0BFFF2300083CBE
:106790002E413EF080000E9F0324F2F07F00230084
:1067A00021533B413C413D413E413F41B1C0F0009E
:1067B000000000130F120E1221835F422D005FF2C2
:1067C0002B004F4F814F00002F411FF30424F2F0A4
:1067D000FEFF2B003B3C2E412EF30E9F0424F2F0D3
:1067E000FDFF2B00333C2F412FF20F9E0424F2F0CB
:1067F000FBFF2B002B3C2E413EF20E9F0424F2F0B7
:10680000F7FF2B00233C2F413FF010000F9E042484
:10681000F2F0EFFF2B001A3C2E413EF020000E9FBD
:106820000424F2F0DFFF2B00113C2F413FF0400029
:106830000F9E0424F2F0BFFF2B00083C2E413EF0D7
:1068400080000E9F0324F2F07F002B0021533E4175
:106850003F41B1C0F000000000130F120E120D12E4
:106860000C125E4276005F4224114F931C24183CA8
:10687000C293101118201F42DE110F9304241F52DF
:106880005812CF4EFFFF92925C125812032CB01296
:10689000F449093CF2F0BFFF0000B012E055033CA0
:1068A0007F900300E5273C413D413E413F41B1C05F
:1068B000F000000000130F125F4270003FF0200054
:1068C00006245F4270002FF202245F4270003F41B5
:1068D000B1C0F00000000013000010005000900054
:1068E000D000F00000009CFF020008000B120A120A
:1068F0000D9312240C430B4F0B5C6A4B0B4E0B5C3D
:106900006B4B4A9B04244F4A4E4B0F8E063C1C5344
:106910000D9CF1230F43013C0F4D3A413B41304167
:106920000B120A12091208120D9377240B4F0C4E0A
:106930000F9E73240F9E342C0A4E0ADF1AF31A247A
:106940000CEF1CF308201C430C9D062C0B4E0BFC7B
:106950002C430C8B013C0C4D0D8C0B430A4F0A5BF6
:10696000094E095BEA4900001B530C9BF7230B4FB0
:106970000B5C0C5E0E4D12C30E100E930C24084ED1
:10698000094C0A4BAA49000029532A533853FA23C9
:106990000E5E0C5E0B5E1DF34024EB4C00003D3C94
:1069A0000E5D0C4F0C5D0B4C0BDE1BF31B240B4CD4
:1069B0000BEE1BF306203D90030003280B4E1BF348
:1069C000013C0B4D0D8B0A4B3A533BE31B530C5BC5
:1069D0000E5B0B4C0B5A094E095AEB4900003A5317
:1069E0003A93F7230A4D12C30A100A931124084A56
:1069F000094E0B4C29832B83AB4900003853FA23F3
:106A00000B4A0B110B430B100B8A0B5B0E5B0C5BE1
:106A10001DF30324DC4EFFFFFFFF384139413A41AB
:106A20003B4130410B120A12091208120B4F3D90E4
:106A30000600082C043CCB4E00001B533D530D9325
:106A4000FA231E3C4A4E0A9303240C4A8C100ADC9B
:106A50001FB305243D53CF4E00000B4F1B530C4D6D
:106A600012C30C10084B094C884A000028533953B4
:106A7000FB230C5C0C5B1DF30D990224CC4E000033
:106A8000384139413A413B413041064307430A43CB
:106A90000B433040CE6A4EEE7B400900053C0D10A2
:106AA0004E6E4E9A01284E8A4C6C0D6D5B83F72317
:106AB00030410EEE3B401100053C0D100E6E0E9A5B
:106AC00001280E8A0C6C0D6D1B83F72330410F4398
:106AD0000E430D430C4382483001824438011C426E
:106AE0003A0192423C013A0192423E013C01824805
:106AF00034018245380182493401824438011D4203
:106B00003A0192423C013A0192423E013C018245E7
:106B100038018248340182463801824A3401824475
:106B200038011E423A0192423C013A018245380145
:106B30008248340182473801824934018246380153
:106B4000824B3401824438011F423A010C4C0D4DF6
:086B50000E4E0F4F30410013FF
:106B58000100020012A204000A00050001FFFFFF65
:0A6B68000100010022FFFFFF010001
:10FFE000B844B467B844B844C86662664466B84466
:10FFF000B6685A68B844B844A4668666B8440040F7
:0400000300004000B9
:00000001FF
